<?xml version="1.0" encoding="UTF-8"?>
<testng-results ignored="0" total="1" passed="1" failed="0" skipped="0">
  <reporter-output>
  </reporter-output>
  <suite started-at="2025-03-09T21:07:00 IST" name="Default suite" finished-at="2025-03-09T21:07:00 IST" duration-ms="55">
    <groups>
    </groups>
    <test started-at="2025-03-09T21:07:00 IST" name="Default test" finished-at="2025-03-09T21:07:00 IST" duration-ms="55">
      <class name="test.script">
        <test-method signature="scrip()[pri:0, instance:test.script@3349e9bb]" started-at="2025-03-09T21:07:00 IST" name="scrip" finished-at="2025-03-09T21:07:00 IST" duration-ms="7" status="PASS">
          <reporter-output>
          </reporter-output>
        </test-method> <!-- scrip -->
      </class> <!-- test.script -->
    </test> <!-- Default test -->
  </suite> <!-- Default suite -->
</testng-results>
